app/build/intermediates/manifest_merge_blame_file/debug/manifest-merger-blame-debug-report.txt
1<?xml version="1.0" encoding="utf-8"?>
2<manifest xmlns:android="http://schemas.android.com/apk/res/android"
3    package="com.example.persiandigitdetector"
4    android:versionCode="1"
5    android:versionName="1.0" >
6
7    <uses-sdk
8        android:minSdkVersion="15"
8-->src\main\AndroidManifest.xml
9        android:targetSdkVersion="28" />
9-->src\main\AndroidManifest.xml
10
11    <application
11-->src\main\AndroidManifest.xml:5:5-21:19
12        android:allowBackup="true"
12-->src\main\AndroidManifest.xml:6:9-35
13        android:appComponentFactory="androidx.core.app.CoreComponentFactory"
13-->[androidx.core:core:1.0.1] AndroidManifest.xml:22:18-86
14        android:debuggable="true"
15        android:icon="@mipmap/ic_launcher"
15-->src\main\AndroidManifest.xml:7:9-43
16        android:label="@string/app_name"
16-->src\main\AndroidManifest.xml:8:9-41
17        android:roundIcon="@mipmap/ic_launcher"
17-->src\main\AndroidManifest.xml:9:9-48
18        android:supportsRtl="false"
18-->src\main\AndroidManifest.xml:10:9-36
19        android:testOnly="true"
20        android:theme="@style/Theme.AppCompat.NoActionBar" >
20-->src\main\AndroidManifest.xml:11:9-59
21        <activity
21-->src\main\AndroidManifest.xml:13:9-20:20
22            android:name="com.example.persiandigitdetector.MainActivity"
22-->src\main\AndroidManifest.xml:13:19-47
23            android:screenOrientation="portrait" >
23-->src\main\AndroidManifest.xml:14:13-49
24            <intent-filter>
24-->src\main\AndroidManifest.xml:15:13-19:29
25                <action android:name="android.intent.action.MAIN" />
25-->src\main\AndroidManifest.xml:16:17-69
25-->src\main\AndroidManifest.xml:16:25-66
26
27                <category android:name="android.intent.category.LAUNCHER" />
27-->src\main\AndroidManifest.xml:18:17-77
27-->src\main\AndroidManifest.xml:18:27-74
28            </intent-filter>
29        </activity>
30        <activity
30-->[com.google.android.gms:play-services-base:17.0.0] AndroidManifest.xml:23:9-26:75
31            android:name="com.google.android.gms.common.api.GoogleApiActivity"
31-->[com.google.android.gms:play-services-base:17.0.0] AndroidManifest.xml:24:13-79
32            android:exported="false"
32-->[com.google.android.gms:play-services-base:17.0.0] AndroidManifest.xml:25:13-37
33            android:theme="@android:style/Theme.Translucent.NoTitleBar" />
33-->[com.google.android.gms:play-services-base:17.0.0] AndroidManifest.xml:26:13-72
34
35        <meta-data
35-->[com.google.android.gms:play-services-basement:17.0.0] AndroidManifest.xml:23:9-25:69
36            android:name="com.google.android.gms.version"
36-->[com.google.android.gms:play-services-basement:17.0.0] AndroidManifest.xml:24:13-58
37            android:value="@integer/google_play_services_version" />
37-->[com.google.android.gms:play-services-basement:17.0.0] AndroidManifest.xml:25:13-66
38    </application>
39
40</manifest>